file:///Users/vica/Desktop/money-track-1/backend/server.js:587
const path = require("path");
             ^

ReferenceError: require is not defined in ES module scope, you can use import instead
This file is being treated as an ES module because it has a '.js' file extension and '/Users/vica/Desktop/money-track-1/backend/package.json' contains "type": "module". To treat it as a CommonJS script, rename it to use the '.cjs' file extension.
    at file:///Users/vica/Desktop/money-track-1/backend/server.js:587:14
    at ModuleJob.run (node:internal/modules/esm/module_job:413:25)
    at async onImport.tracePromise.__proto__ (node:internal/modules/esm/loader:660:26)
    at async asyncRunEntryPointWithESMLoader (node:internal/modules/run_main:101:5)

Node.js v24.13.0
file:///Users/vica/Desktop/money-track-1/backend/server.js:587
const path = require("path");
             ^

ReferenceError: require is not defined in ES module scope, you can use import instead
This file is being treated as an ES module because it has a '.js' file extension and '/Users/vica/Desktop/money-track-1/backend/package.json' contains "type": "module". To treat it as a CommonJS script, rename it to use the '.cjs' file extension.
    at file:///Users/vica/Desktop/money-track-1/backend/server.js:587:14
    at ModuleJob.run (node:internal/modules/esm/module_job:413:25)
    at async onImport.tracePromise.__proto__ (node:internal/modules/esm/loader:660:26)
    at async asyncRunEntryPointWithESMLoader (node:internal/modules/run_main:101:5)

Node.js v24.13.0
file:///Users/vica/Desktop/money-track-1/backend/server.js:587
const path = require("path");
             ^

ReferenceError: require is not defined in ES module scope, you can use import instead
This file is being treated as an ES module because it has a '.js' file extension and '/Users/vica/Desktop/money-track-1/backend/package.json' contains "type": "module". To treat it as a CommonJS script, rename it to use the '.cjs' file extension.
    at file:///Users/vica/Desktop/money-track-1/backend/server.js:587:14
    at ModuleJob.run (node:internal/modules/esm/module_job:413:25)
    at async onImport.tracePromise.__proto__ (node:internal/modules/esm/loader:660:26)
    at async asyncRunEntryPointWithESMLoader (node:internal/modules/run_main:101:5)

Node.js v24.13.0
file:///Users/vica/Desktop/money-track-1/backend/server.js:587
const path = require("path");
             ^

ReferenceError: require is not defined in ES module scope, you can use import instead
This file is being treated as an ES module because it has a '.js' file extension and '/Users/vica/Desktop/money-track-1/backend/package.json' contains "type": "module". To treat it as a CommonJS script, rename it to use the '.cjs' file extension.
    at file:///Users/vica/Desktop/money-track-1/backend/server.js:587:14
    at ModuleJob.run (node:internal/modules/esm/module_job:413:25)
    at async onImport.tracePromise.__proto__ (node:internal/modules/esm/loader:660:26)
    at async asyncRunEntryPointWithESMLoader (node:internal/modules/run_main:101:5)

Node.js v24.13.0
file:///Users/vica/Desktop/money-track-1/backend/server.js:587
const path = require("path");
             ^

ReferenceError: require is not defined in ES module scope, you can use import instead
This file is being treated as an ES module because it has a '.js' file extension and '/Users/vica/Desktop/money-track-1/backend/package.json' contains "type": "module". To treat it as a CommonJS script, rename it to use the '.cjs' file extension.
    at file:///Users/vica/Desktop/money-track-1/backend/server.js:587:14
    at ModuleJob.run (node:internal/modules/esm/module_job:413:25)
    at async onImport.tracePromise.__proto__ (node:internal/modules/esm/loader:660:26)
    at async asyncRunEntryPointWithESMLoader (node:internal/modules/run_main:101:5)

Node.js v24.13.0
file:///Users/vica/Desktop/money-track-1/backend/server.js:587
const path = require("path");
             ^

ReferenceError: require is not defined in ES module scope, you can use import instead
This file is being treated as an ES module because it has a '.js' file extension and '/Users/vica/Desktop/money-track-1/backend/package.json' contains "type": "module". To treat it as a CommonJS script, rename it to use the '.cjs' file extension.
    at file:///Users/vica/Desktop/money-track-1/backend/server.js:587:14
    at ModuleJob.run (node:internal/modules/esm/module_job:413:25)
    at async onImport.tracePromise.__proto__ (node:internal/modules/esm/loader:660:26)
    at async asyncRunEntryPointWithESMLoader (node:internal/modules/run_main:101:5)

Node.js v24.13.0
file:///Users/vica/Desktop/money-track-1/backend/server.js:587
const path = require("path");
             ^

ReferenceError: require is not defined in ES module scope, you can use import instead
This file is being treated as an ES module because it has a '.js' file extension and '/Users/vica/Desktop/money-track-1/backend/package.json' contains "type": "module". To treat it as a CommonJS script, rename it to use the '.cjs' file extension.
    at file:///Users/vica/Desktop/money-track-1/backend/server.js:587:14
    at ModuleJob.run (node:internal/modules/esm/module_job:413:25)
    at async onImport.tracePromise.__proto__ (node:internal/modules/esm/loader:660:26)
    at async asyncRunEntryPointWithESMLoader (node:internal/modules/run_main:101:5)

Node.js v24.13.0
file:///Users/vica/Desktop/money-track-1/backend/server.js:587
const path = require("path");
             ^

ReferenceError: require is not defined in ES module scope, you can use import instead
This file is being treated as an ES module because it has a '.js' file extension and '/Users/vica/Desktop/money-track-1/backend/package.json' contains "type": "module". To treat it as a CommonJS script, rename it to use the '.cjs' file extension.
    at file:///Users/vica/Desktop/money-track-1/backend/server.js:587:14
    at ModuleJob.run (node:internal/modules/esm/module_job:413:25)
    at async onImport.tracePromise.__proto__ (node:internal/modules/esm/loader:660:26)
    at async asyncRunEntryPointWithESMLoader (node:internal/modules/run_main:101:5)

Node.js v24.13.0
file:///Users/vica/Desktop/money-track-1/backend/server.js:587
app.use(express.static(path.join(__dirname, "../dashboard")));
                       ^

ReferenceError: path is not defined
    at file:///Users/vica/Desktop/money-track-1/backend/server.js:587:24
    at ModuleJob.run (node:internal/modules/esm/module_job:413:25)
    at async onImport.tracePromise.__proto__ (node:internal/modules/esm/loader:660:26)
    at async asyncRunEntryPointWithESMLoader (node:internal/modules/run_main:101:5)

Node.js v24.13.0
file:///Users/vica/Desktop/money-track-1/backend/server.js:587
app.use(express.static(path.join(__dirname, "../dashboard")));
                       ^

ReferenceError: path is not defined
    at file:///Users/vica/Desktop/money-track-1/backend/server.js:587:24
    at ModuleJob.run (node:internal/modules/esm/module_job:413:25)
    at async onImport.tracePromise.__proto__ (node:internal/modules/esm/loader:660:26)
    at async asyncRunEntryPointWithESMLoader (node:internal/modules/run_main:101:5)

Node.js v24.13.0
file:///Users/vica/Desktop/money-track-1/backend/server.js:587
app.use(express.static(path.join(__dirname, "../dashboard")));
                       ^

ReferenceError: path is not defined
    at file:///Users/vica/Desktop/money-track-1/backend/server.js:587:24
    at ModuleJob.run (node:internal/modules/esm/module_job:413:25)
    at async onImport.tracePromise.__proto__ (node:internal/modules/esm/loader:660:26)
    at async asyncRunEntryPointWithESMLoader (node:internal/modules/run_main:101:5)

Node.js v24.13.0
